<?xml version="1.0" encoding="UTF-8"?>
<testsuite name="tests.UserNewTests" tests="1" skipped="0" failures="1" errors="0" timestamp="2025-02-20T16:54:04" hostname="GOLOVANOV-D" time="3.015">
  <properties/>
  <testcase name="Удаление нового пользователя" classname="tests.UserNewTests" time="3.015">
    <failure message="java.lang.IllegalArgumentException: accessToken cannot be null" type="java.lang.IllegalArgumentException">java.lang.IllegalArgumentException: accessToken cannot be null
	at java.base/jdk.internal.reflect.NativeConstructorAccessorImpl.newInstance0(Native Method)
	at java.base/jdk.internal.reflect.NativeConstructorAccessorImpl.newInstance(NativeConstructorAccessorImpl.java:62)
	at java.base/jdk.internal.reflect.DelegatingConstructorAccessorImpl.newInstance(DelegatingConstructorAccessorImpl.java:45)
	at java.base/java.lang.reflect.Constructor.newInstance(Constructor.java:490)
	at org.codehaus.groovy.reflection.CachedConstructor.invoke(CachedConstructor.java:73)
	at org.codehaus.groovy.reflection.CachedConstructor.doConstructorInvoke(CachedConstructor.java:60)
	at org.codehaus.groovy.runtime.callsite.ConstructorSite$ConstructorSiteNoUnwrap.callConstructor(ConstructorSite.java:86)
	at org.codehaus.groovy.runtime.callsite.CallSiteArray.defaultCallConstructor(CallSiteArray.java:58)
	at org.codehaus.groovy.runtime.callsite.AbstractCallSite.callConstructor(AbstractCallSite.java:263)
	at org.codehaus.groovy.runtime.callsite.AbstractCallSite.callConstructor(AbstractCallSite.java:277)
	at io.restassured.internal.common.assertion.AssertParameter.notNull(AssertParameter.groovy:26)
	at io.restassured.internal.common.assertion.AssertParameter$notNull.callStatic(Unknown Source)
	at org.codehaus.groovy.runtime.callsite.CallSiteArray.defaultCallStatic(CallSiteArray.java:54)
	at org.codehaus.groovy.runtime.callsite.AbstractCallSite.callStatic(AbstractCallSite.java:217)
	at org.codehaus.groovy.runtime.callsite.AbstractCallSite.callStatic(AbstractCallSite.java:240)
	at io.restassured.internal.AuthenticationSpecificationImpl.oauth2(AuthenticationSpecificationImpl.groovy:158)
	at io.restassured.specification.AuthenticationSpecification$oauth2.callCurrent(Unknown Source)
	at org.codehaus.groovy.runtime.callsite.CallSiteArray.defaultCallCurrent(CallSiteArray.java:50)
	at org.codehaus.groovy.runtime.callsite.AbstractCallSite.callCurrent(AbstractCallSite.java:171)
	at org.codehaus.groovy.runtime.callsite.AbstractCallSite.callCurrent(AbstractCallSite.java:194)
	at io.restassured.internal.AuthenticationSpecificationImpl.oauth2(AuthenticationSpecificationImpl.groovy:151)
	at services.UserService.deleteUser(UserService.java:45)
	at tests.UserNewTests.positiveDeleteNewUserTest(UserNewTests.java:178)
	at java.base/java.lang.reflect.Method.invoke(Method.java:566)
	at java.base/java.util.ArrayList.forEach(ArrayList.java:1541)
	at java.base/java.util.ArrayList.forEach(ArrayList.java:1541)
</failure>
  </testcase>
  <system-out><![CDATA[Request method:	POST
Request URI:	http://85.192.34.140:8080/api/login
Proxy:			<none>
Request params:	<none>
Query params:	<none>
Form params:	<none>
Path params:	<none>
Headers:		Accept=*/*
				Content-Type=application/json
Cookies:		<none>
Multiparts:		<none>
Body:
{
    "username": "threadQATestUser965961432",
    "password": "passwordCOOL"
}
HTTP/1.1 401 
Vary: Origin
Vary: Access-Control-Request-Method
Vary: Access-Control-Request-Headers
X-Content-Type-Options: nosniff
X-XSS-Protection: 1; mode=block
Cache-Control: no-cache, no-store, max-age=0, must-revalidate
Pragma: no-cache
Expires: 0
X-Frame-Options: DENY
Content-Type: application/json
Transfer-Encoding: chunked
Date: Thu, 20 Feb 2025 16:54:05 GMT
Keep-Alive: timeout=60
Connection: keep-alive

{
    "timestamp": "2025-02-20T16:54:05.951+00:00",
    "status": 401,
    "error": "Unauthorized",
    "path": "/api/login"
}
]]></system-out>
  <system-err><![CDATA[]]></system-err>
</testsuite>
